g:\2do\2docuatrimestre\ig\practicas\practica2\ig1app\x64\debug\vc142.pdb
g:\2do\2docuatrimestre\ig\practicas\practica2\ig1app\x64\debug\vc142.idb
g:\2do\2docuatrimestre\ig\practicas\practica2\ig1app\x64\debug\viewport.obj
g:\2do\2docuatrimestre\ig\practicas\practica2\ig1app\x64\debug\texture.obj
g:\2do\2docuatrimestre\ig\practicas\practica2\ig1app\x64\debug\scene.obj
g:\2do\2docuatrimestre\ig\practicas\practica2\ig1app\x64\debug\resources.obj
g:\2do\2docuatrimestre\ig\practicas\practica2\ig1app\x64\debug\pixmap32rgba.obj
g:\2do\2docuatrimestre\ig\practicas\practica2\ig1app\x64\debug\mesh.obj
g:\2do\2docuatrimestre\ig\practicas\practica2\ig1app\x64\debug\main.obj
g:\2do\2docuatrimestre\ig\practicas\practica2\ig1app\x64\debug\ig1app.obj
g:\2do\2docuatrimestre\ig\practicas\practica2\ig1app\x64\debug\entity.obj
g:\2do\2docuatrimestre\ig\practicas\practica2\ig1app\x64\debug\camera.obj
g:\2do\2docuatrimestre\ig\practicas\practica2\bin\ig1appdebug.exe
g:\2do\2docuatrimestre\ig\practicas\practica2\bin\ig1appdebug.ilk
g:\2do\2docuatrimestre\ig\practicas\practica2\bin\ig1appdebug.pdb
g:\2do\2docuatrimestre\ig\practicas\practica2\ig1app\x64\debug\ig1app.tlog\cl.command.1.tlog
g:\2do\2docuatrimestre\ig\practicas\practica2\ig1app\x64\debug\ig1app.tlog\cl.read.1.tlog
g:\2do\2docuatrimestre\ig\practicas\practica2\ig1app\x64\debug\ig1app.tlog\cl.write.1.tlog
g:\2do\2docuatrimestre\ig\practicas\practica2\ig1app\x64\debug\ig1app.tlog\link.command.1.tlog
g:\2do\2docuatrimestre\ig\practicas\practica2\ig1app\x64\debug\ig1app.tlog\link.read.1.tlog
g:\2do\2docuatrimestre\ig\practicas\practica2\ig1app\x64\debug\ig1app.tlog\link.write.1.tlog
